{"/Users/williamjohnson/dev/src/github.com/segment-integrations/integration-google-adwords/lib/index.js":{"path":"/Users/williamjohnson/dev/src/github.com/segment-integrations/integration-google-adwords/lib/index.js","s":{"1":1,"2":1,"3":1,"4":1,"5":1,"6":0,"7":0,"8":0},"b":{"1":[1,0],"2":[0,0]},"f":{"1":1},"fnMap":{"1":{"name":"(anonymous_1)","line":20,"loc":{"start":{"line":20,"column":21},"end":{"line":20,"column":34}}}},"statementMap":{"1":{"start":{"line":6,"column":0},"end":{"line":6,"column":51}},"2":{"start":{"line":7,"column":0},"end":{"line":7,"column":33}},"3":{"start":{"line":13,"column":0},"end":{"line":18,"column":14}},"4":{"start":{"line":20,"column":0},"end":{"line":24,"column":3}},"5":{"start":{"line":21,"column":2},"end":{"line":21,"column":51}},"6":{"start":{"line":22,"column":2},"end":{"line":22,"column":35}},"7":{"start":{"line":22,"column":28},"end":{"line":22,"column":35}},"8":{"start":{"line":23,"column":2},"end":{"line":23,"column":63}}},"branchMap":{"1":{"line":21,"type":"binary-expr","locations":[{"start":{"line":21,"column":15},"end":{"line":21,"column":44}},{"start":{"line":21,"column":48},"end":{"line":21,"column":50}}]},"2":{"line":22,"type":"if","locations":[{"start":{"line":22,"column":2},"end":{"line":22,"column":2}},{"start":{"line":22,"column":2},"end":{"line":22,"column":2}}]}}},"/Users/williamjohnson/dev/src/github.com/segment-integrations/integration-google-adwords/lib/mapper.js":{"path":"/Users/williamjohnson/dev/src/github.com/segment-integrations/integration-google-adwords/lib/mapper.js","s":{},"b":{},"f":{},"fnMap":{},"statementMap":{},"branchMap":{}}}